
  .   ____          _            __ _ _
 /\\ / ___'_ __ _ _(_)_ __  __ _ \ \ \ \
( ( )\___ | '_ | '_| | '_ \/ _` | \ \ \ \
 \\/  ___)| |_)| | | | | || (_| |  ) ) ) )
  '  |____| .__|_| |_|_| |_\__, | / / / /
 =========|_|==============|___/=/_/_/_/
 :: Spring Boot ::        (v2.2.5.RELEASE)

2020-03-08 21:05:04.964  INFO 9492 --- [           main] org.yl.server.ServerApplication          : No active profile set, falling back to default profiles: default
2020-03-08 21:05:06.048  WARN 9492 --- [           main] o.s.boot.actuate.endpoint.EndpointId     : Endpoint ID 'service-registry' contains invalid characters, please migrate to a valid format.
2020-03-08 21:05:06.243  INFO 9492 --- [           main] o.s.cloud.context.scope.GenericScope     : BeanFactory id=ae9cc83e-86c0-37d0-a708-fd79d8ff3d00
2020-03-08 21:05:06.902  INFO 9492 --- [           main] o.s.b.w.embedded.tomcat.TomcatWebServer  : Tomcat initialized with port(s): 8088 (http)
2020-03-08 21:05:06.924  INFO 9492 --- [           main] o.apache.catalina.core.StandardService   : Starting service [Tomcat]
2020-03-08 21:05:06.924  INFO 9492 --- [           main] org.apache.catalina.core.StandardEngine  : Starting Servlet engine: [Apache Tomcat/9.0.31]
2020-03-08 21:05:07.039  INFO 9492 --- [           main] o.a.c.c.C.[Tomcat].[localhost].[/]       : Initializing Spring embedded WebApplicationContext
2020-03-08 21:05:07.040  INFO 9492 --- [           main] o.s.web.context.ContextLoader            : Root WebApplicationContext: initialization completed in 2050 ms
2020-03-08 21:05:07.157  WARN 9492 --- [           main] c.n.c.sources.URLConfigurationSource     : No URLs will be polled as dynamic configuration sources.
2020-03-08 21:05:07.158  INFO 9492 --- [           main] c.n.c.sources.URLConfigurationSource     : To enable URLs as dynamic configuration sources, define System property archaius.configurationSource.additionalUrls or make config.properties available on classpath.
2020-03-08 21:05:07.177  INFO 9492 --- [           main] c.netflix.config.DynamicPropertyFactory  : DynamicPropertyFactory is initialized with configuration sources: com.netflix.config.ConcurrentCompositeConfiguration@41e1e210
2020-03-08 21:05:07.714  WARN 9492 --- [           main] c.n.c.sources.URLConfigurationSource     : No URLs will be polled as dynamic configuration sources.
2020-03-08 21:05:07.714  INFO 9492 --- [           main] c.n.c.sources.URLConfigurationSource     : To enable URLs as dynamic configuration sources, define System property archaius.configurationSource.additionalUrls or make config.properties available on classpath.
2020-03-08 21:05:08.173  INFO 9492 --- [           main] o.s.s.concurrent.ThreadPoolTaskExecutor  : Initializing ExecutorService 'applicationTaskExecutor'
2020-03-08 21:05:08.920  WARN 9492 --- [           main] iguration$LoadBalancerCaffeineWarnLogger : Spring Cloud LoadBalancer is currently working with default default cache. You can switch to using Caffeine cache, by adding it to the classpath.
2020-03-08 21:05:08.945  INFO 9492 --- [           main] o.s.b.a.e.web.EndpointLinksResolver      : Exposing 17 endpoint(s) beneath base path '/actuator'
2020-03-08 21:05:08.997  INFO 9492 --- [           main] o.s.c.n.eureka.InstanceInfoFactory       : Setting initial instance status as: STARTING
2020-03-08 21:05:09.101  INFO 9492 --- [           main] com.netflix.discovery.DiscoveryClient    : Initializing Eureka in region us-east-1
2020-03-08 21:05:09.552  INFO 9492 --- [           main] c.n.d.provider.DiscoveryJerseyProvider   : Using JSON encoding codec LegacyJacksonJson
2020-03-08 21:05:09.552  INFO 9492 --- [           main] c.n.d.provider.DiscoveryJerseyProvider   : Using JSON decoding codec LegacyJacksonJson
2020-03-08 21:05:09.798  INFO 9492 --- [           main] c.n.d.provider.DiscoveryJerseyProvider   : Using XML encoding codec XStreamXml
2020-03-08 21:05:09.798  INFO 9492 --- [           main] c.n.d.provider.DiscoveryJerseyProvider   : Using XML decoding codec XStreamXml
2020-03-08 21:05:10.043  INFO 9492 --- [           main] c.n.d.s.r.aws.ConfigClusterResolver      : Resolving eureka endpoints via configuration
2020-03-08 21:05:10.071  INFO 9492 --- [           main] com.netflix.discovery.DiscoveryClient    : Disable delta property : false
2020-03-08 21:05:10.072  INFO 9492 --- [           main] com.netflix.discovery.DiscoveryClient    : Single vip registry refresh property : null
2020-03-08 21:05:10.072  INFO 9492 --- [           main] com.netflix.discovery.DiscoveryClient    : Force full registry fetch : false
2020-03-08 21:05:10.072  INFO 9492 --- [           main] com.netflix.discovery.DiscoveryClient    : Application is null : false
2020-03-08 21:05:10.072  INFO 9492 --- [           main] com.netflix.discovery.DiscoveryClient    : Registered Applications size is zero : true
2020-03-08 21:05:10.072  INFO 9492 --- [           main] com.netflix.discovery.DiscoveryClient    : Application version is -1: true
2020-03-08 21:05:10.072  INFO 9492 --- [           main] com.netflix.discovery.DiscoveryClient    : Getting all instance registry info from the eureka server
2020-03-08 21:05:11.308  INFO 9492 --- [           main] com.netflix.discovery.DiscoveryClient    : The response status is 200
2020-03-08 21:05:11.310  INFO 9492 --- [           main] com.netflix.discovery.DiscoveryClient    : Starting heartbeat executor: renew interval is: 30
2020-03-08 21:05:11.312  INFO 9492 --- [           main] c.n.discovery.InstanceInfoReplicator     : InstanceInfoReplicator onDemand update allowed rate per min is 4
2020-03-08 21:05:11.318  INFO 9492 --- [           main] com.netflix.discovery.DiscoveryClient    : Discovery Client initialized at timestamp 1583672711316 with initial instances count: 0
2020-03-08 21:05:11.319  INFO 9492 --- [           main] o.s.c.n.e.s.EurekaServiceRegistry        : Registering application SPRING-CLOUD-SERVER with eureka with status UP
2020-03-08 21:05:11.320  INFO 9492 --- [           main] com.netflix.discovery.DiscoveryClient    : Saw local status change event StatusChangeEvent [timestamp=1583672711320, current=UP, previous=STARTING]
2020-03-08 21:05:11.322  INFO 9492 --- [nfoReplicator-0] com.netflix.discovery.DiscoveryClient    : DiscoveryClient_SPRING-CLOUD-SERVER/spring-cloud-server:8080: registering service...
2020-03-08 21:05:11.429  INFO 9492 --- [           main] o.s.b.w.embedded.tomcat.TomcatWebServer  : Tomcat started on port(s): 8088 (http) with context path ''
2020-03-08 21:05:11.437  INFO 9492 --- [           main] .s.c.n.e.s.EurekaAutoServiceRegistration : Updating port to 8088
2020-03-08 21:05:11.443  INFO 9492 --- [           main] org.yl.server.ServerApplication          : Started ServerApplication in 7.819 seconds (JVM running for 8.737)
2020-03-08 21:05:11.487  INFO 9492 --- [nfoReplicator-0] com.netflix.discovery.DiscoveryClient    : DiscoveryClient_SPRING-CLOUD-SERVER/spring-cloud-server:8080 - registration status: 204
2020-03-08 21:05:41.312  INFO 9492 --- [freshExecutor-0] com.netflix.discovery.DiscoveryClient    : Disable delta property : false
2020-03-08 21:05:41.313  INFO 9492 --- [freshExecutor-0] com.netflix.discovery.DiscoveryClient    : Single vip registry refresh property : null
2020-03-08 21:05:41.313  INFO 9492 --- [freshExecutor-0] com.netflix.discovery.DiscoveryClient    : Force full registry fetch : false
2020-03-08 21:05:41.313  INFO 9492 --- [freshExecutor-0] com.netflix.discovery.DiscoveryClient    : Application is null : false
2020-03-08 21:05:41.313  INFO 9492 --- [freshExecutor-0] com.netflix.discovery.DiscoveryClient    : Registered Applications size is zero : true
2020-03-08 21:05:41.313  INFO 9492 --- [freshExecutor-0] com.netflix.discovery.DiscoveryClient    : Application version is -1: false
2020-03-08 21:05:41.313  INFO 9492 --- [freshExecutor-0] com.netflix.discovery.DiscoveryClient    : Getting all instance registry info from the eureka server
2020-03-08 21:05:41.384  INFO 9492 --- [freshExecutor-0] com.netflix.discovery.DiscoveryClient    : The response status is 200
2020-03-08 21:09:23.073  INFO 9492 --- [nio-8088-exec-1] o.a.c.c.C.[Tomcat].[localhost].[/]       : Initializing Spring DispatcherServlet 'dispatcherServlet'
2020-03-08 21:09:23.074  INFO 9492 --- [nio-8088-exec-1] o.s.web.servlet.DispatcherServlet        : Initializing Servlet 'dispatcherServlet'
2020-03-08 21:09:23.094  INFO 9492 --- [nio-8088-exec-1] o.s.web.servlet.DispatcherServlet        : Completed initialization in 20 ms
2020-03-08 21:09:23.139  WARN 9492 --- [nio-8088-exec-1] .w.s.m.s.DefaultHandlerExceptionResolver : Resolved [org.springframework.web.HttpRequestMethodNotSupportedException: Request method 'GET' not supported]
2020-03-08 21:10:10.085  INFO 9492 --- [trap-executor-0] c.n.d.s.r.aws.ConfigClusterResolver      : Resolving eureka endpoints via configuration
2020-03-08 21:11:57.920  WARN 9492 --- [nio-8088-exec-3] .w.s.m.s.DefaultHandlerExceptionResolver : Resolved [org.springframework.web.HttpRequestMethodNotSupportedException: Request method 'GET' not supported]
2020-03-08 21:13:59.432  WARN 9492 --- [nio-8088-exec-5] .w.s.m.s.DefaultHandlerExceptionResolver : Resolved [org.springframework.http.converter.HttpMessageNotWritableException: No converter found for return value of type: class vo.User]
2020-03-08 21:15:10.095  INFO 9492 --- [trap-executor-0] c.n.d.s.r.aws.ConfigClusterResolver      : Resolving eureka endpoints via configuration
2020-03-08 21:15:35.634  WARN 9492 --- [nio-8088-exec-6] .w.s.m.s.DefaultHandlerExceptionResolver : Resolved [org.springframework.http.converter.HttpMessageNotWritableException: No converter found for return value of type: class vo.User]

  .   ____          _            __ _ _
 /\\ / ___'_ __ _ _(_)_ __  __ _ \ \ \ \
( ( )\___ | '_ | '_| | '_ \/ _` | \ \ \ \
 \\/  ___)| |_)| | | | | || (_| |  ) ) ) )
  '  |____| .__|_| |_|_| |_\__, | / / / /
 =========|_|==============|___/=/_/_/_/
 :: Spring Boot ::        (v2.2.5.RELEASE)

2020-03-09 18:06:33.169  INFO 39098 --- [           main] org.yl.server.ServerApplication          : No active profile set, falling back to default profiles: default
2020-03-09 18:06:34.190  WARN 39098 --- [           main] o.s.boot.actuate.endpoint.EndpointId     : Endpoint ID 'service-registry' contains invalid characters, please migrate to a valid format.
2020-03-09 18:06:34.398  INFO 39098 --- [           main] o.s.cloud.context.scope.GenericScope     : BeanFactory id=ae9cc83e-86c0-37d0-a708-fd79d8ff3d00
2020-03-09 18:06:35.225  INFO 39098 --- [           main] o.s.b.w.embedded.tomcat.TomcatWebServer  : Tomcat initialized with port(s): 8088 (http)
2020-03-09 18:06:35.255  INFO 39098 --- [           main] o.apache.catalina.core.StandardService   : Starting service [Tomcat]
2020-03-09 18:06:35.256  INFO 39098 --- [           main] org.apache.catalina.core.StandardEngine  : Starting Servlet engine: [Apache Tomcat/9.0.31]
2020-03-09 18:06:35.399  INFO 39098 --- [           main] o.a.c.c.C.[Tomcat].[localhost].[/]       : Initializing Spring embedded WebApplicationContext
2020-03-09 18:06:35.399  INFO 39098 --- [           main] o.s.web.context.ContextLoader            : Root WebApplicationContext: initialization completed in 2199 ms
2020-03-09 18:06:35.538  WARN 39098 --- [           main] c.n.c.sources.URLConfigurationSource     : No URLs will be polled as dynamic configuration sources.
2020-03-09 18:06:35.538  INFO 39098 --- [           main] c.n.c.sources.URLConfigurationSource     : To enable URLs as dynamic configuration sources, define System property archaius.configurationSource.additionalUrls or make config.properties available on classpath.
2020-03-09 18:06:35.561  INFO 39098 --- [           main] c.netflix.config.DynamicPropertyFactory  : DynamicPropertyFactory is initialized with configuration sources: com.netflix.config.ConcurrentCompositeConfiguration@1e683a3e
2020-03-09 18:06:36.092  WARN 39098 --- [           main] c.n.c.sources.URLConfigurationSource     : No URLs will be polled as dynamic configuration sources.
2020-03-09 18:06:36.092  INFO 39098 --- [           main] c.n.c.sources.URLConfigurationSource     : To enable URLs as dynamic configuration sources, define System property archaius.configurationSource.additionalUrls or make config.properties available on classpath.
2020-03-09 18:06:36.413  INFO 39098 --- [           main] o.s.s.concurrent.ThreadPoolTaskExecutor  : Initializing ExecutorService 'applicationTaskExecutor'
2020-03-09 18:06:36.818  WARN 39098 --- [           main] iguration$LoadBalancerCaffeineWarnLogger : Spring Cloud LoadBalancer is currently working with default default cache. You can switch to using Caffeine cache, by adding it to the classpath.
2020-03-09 18:06:36.837  INFO 39098 --- [           main] o.s.b.a.e.web.EndpointLinksResolver      : Exposing 17 endpoint(s) beneath base path '/actuator'
2020-03-09 18:06:36.893  INFO 39098 --- [           main] o.s.c.n.eureka.InstanceInfoFactory       : Setting initial instance status as: STARTING
2020-03-09 18:06:36.991  INFO 39098 --- [           main] com.netflix.discovery.DiscoveryClient    : Initializing Eureka in region us-east-1
2020-03-09 18:06:37.297  INFO 39098 --- [           main] c.n.d.provider.DiscoveryJerseyProvider   : Using JSON encoding codec LegacyJacksonJson
2020-03-09 18:06:37.298  INFO 39098 --- [           main] c.n.d.provider.DiscoveryJerseyProvider   : Using JSON decoding codec LegacyJacksonJson
2020-03-09 18:06:37.528  INFO 39098 --- [           main] c.n.d.provider.DiscoveryJerseyProvider   : Using XML encoding codec XStreamXml
2020-03-09 18:06:37.528  INFO 39098 --- [           main] c.n.d.provider.DiscoveryJerseyProvider   : Using XML decoding codec XStreamXml
2020-03-09 18:06:37.787  INFO 39098 --- [           main] c.n.d.s.r.aws.ConfigClusterResolver      : Resolving eureka endpoints via configuration
2020-03-09 18:06:37.822  INFO 39098 --- [           main] com.netflix.discovery.DiscoveryClient    : Disable delta property : false
2020-03-09 18:06:37.822  INFO 39098 --- [           main] com.netflix.discovery.DiscoveryClient    : Single vip registry refresh property : null
2020-03-09 18:06:37.822  INFO 39098 --- [           main] com.netflix.discovery.DiscoveryClient    : Force full registry fetch : false
2020-03-09 18:06:37.822  INFO 39098 --- [           main] com.netflix.discovery.DiscoveryClient    : Application is null : false
2020-03-09 18:06:37.822  INFO 39098 --- [           main] com.netflix.discovery.DiscoveryClient    : Registered Applications size is zero : true
2020-03-09 18:06:37.822  INFO 39098 --- [           main] com.netflix.discovery.DiscoveryClient    : Application version is -1: true
2020-03-09 18:06:37.823  INFO 39098 --- [           main] com.netflix.discovery.DiscoveryClient    : Getting all instance registry info from the eureka server
2020-03-09 18:06:38.136  INFO 39098 --- [           main] com.netflix.discovery.DiscoveryClient    : The response status is 200
2020-03-09 18:06:38.139  INFO 39098 --- [           main] com.netflix.discovery.DiscoveryClient    : Starting heartbeat executor: renew interval is: 30
2020-03-09 18:06:38.141  INFO 39098 --- [           main] c.n.discovery.InstanceInfoReplicator     : InstanceInfoReplicator onDemand update allowed rate per min is 4
2020-03-09 18:06:38.146  INFO 39098 --- [           main] com.netflix.discovery.DiscoveryClient    : Discovery Client initialized at timestamp 1583748398144 with initial instances count: 1
2020-03-09 18:06:38.147  INFO 39098 --- [           main] o.s.c.n.e.s.EurekaServiceRegistry        : Registering application SPRING-CLOUD-SERVER with eureka with status UP
2020-03-09 18:06:38.148  INFO 39098 --- [           main] com.netflix.discovery.DiscoveryClient    : Saw local status change event StatusChangeEvent [timestamp=1583748398148, current=UP, previous=STARTING]
2020-03-09 18:06:38.150  INFO 39098 --- [nfoReplicator-0] com.netflix.discovery.DiscoveryClient    : DiscoveryClient_SPRING-CLOUD-SERVER/spring-cloud-server:8080: registering service...
2020-03-09 18:06:38.212  INFO 39098 --- [nfoReplicator-0] com.netflix.discovery.DiscoveryClient    : DiscoveryClient_SPRING-CLOUD-SERVER/spring-cloud-server:8080 - registration status: 204
2020-03-09 18:06:38.233  INFO 39098 --- [           main] o.s.b.w.embedded.tomcat.TomcatWebServer  : Tomcat started on port(s): 8088 (http) with context path ''
2020-03-09 18:06:38.234  INFO 39098 --- [           main] .s.c.n.e.s.EurekaAutoServiceRegistration : Updating port to 8088
2020-03-09 18:06:38.240  INFO 39098 --- [           main] org.yl.server.ServerApplication          : Started ServerApplication in 7.088 seconds (JVM running for 7.761)
2020-03-09 18:07:21.073  INFO 39098 --- [nio-8088-exec-1] o.a.c.c.C.[Tomcat].[localhost].[/]       : Initializing Spring DispatcherServlet 'dispatcherServlet'
2020-03-09 18:07:21.073  INFO 39098 --- [nio-8088-exec-1] o.s.web.servlet.DispatcherServlet        : Initializing Servlet 'dispatcherServlet'
2020-03-09 18:07:21.084  INFO 39098 --- [nio-8088-exec-1] o.s.web.servlet.DispatcherServlet        : Completed initialization in 11 ms
Hello Spring Cloud Server !
2020-03-09 18:07:46.699  WARN 39098 --- [nio-8088-exec-3] .w.s.m.s.DefaultHandlerExceptionResolver : Resolved [org.springframework.web.bind.MissingServletRequestParameterException: Required String parameter 'password' is not present]
2020-03-09 18:08:23.466  WARN 39098 --- [nio-8088-exec-4] .w.s.m.s.DefaultHandlerExceptionResolver : Resolved [org.springframework.web.bind.MissingRequestHeaderException: Missing request header 'name' for method parameter of type String]
2020-03-09 18:09:03.006  WARN 39098 --- [nio-8088-exec-7] .w.s.m.s.DefaultHandlerExceptionResolver : Resolved [org.springframework.web.bind.MissingRequestHeaderException: Missing request header 'name' for method parameter of type String]
2020-03-09 18:09:33.729  WARN 39098 --- [io-8088-exec-10] .w.s.m.s.DefaultHandlerExceptionResolver : Resolved [org.springframework.web.bind.MissingServletRequestParameterException: Required String parameter 'password' is not present]
2020-03-09 18:09:47.105  WARN 39098 --- [nio-8088-exec-1] .w.s.m.s.DefaultHandlerExceptionResolver : Resolved [org.springframework.web.bind.MissingServletRequestParameterException: Required String parameter 'password' is not present]
2020-03-09 18:11:37.827  INFO 39098 --- [trap-executor-0] c.n.d.s.r.aws.ConfigClusterResolver      : Resolving eureka endpoints via configuration
2020-03-09 18:16:37.829  INFO 39098 --- [trap-executor-0] c.n.d.s.r.aws.ConfigClusterResolver      : Resolving eureka endpoints via configuration

  .   ____          _            __ _ _
 /\\ / ___'_ __ _ _(_)_ __  __ _ \ \ \ \
( ( )\___ | '_ | '_| | '_ \/ _` | \ \ \ \
 \\/  ___)| |_)| | | | | || (_| |  ) ) ) )
  '  |____| .__|_| |_|_| |_\__, | / / / /
 =========|_|==============|___/=/_/_/_/
 :: Spring Boot ::        (v2.2.5.RELEASE)

2020-03-09 18:22:17.077  INFO 39845 --- [           main] org.yl.server.ServerApplication          : No active profile set, falling back to default profiles: default
2020-03-09 18:22:18.197  WARN 39845 --- [           main] o.s.boot.actuate.endpoint.EndpointId     : Endpoint ID 'service-registry' contains invalid characters, please migrate to a valid format.
2020-03-09 18:22:18.394  INFO 39845 --- [           main] o.s.cloud.context.scope.GenericScope     : BeanFactory id=ae9cc83e-86c0-37d0-a708-fd79d8ff3d00
2020-03-09 18:22:19.059  INFO 39845 --- [           main] o.s.b.w.embedded.tomcat.TomcatWebServer  : Tomcat initialized with port(s): 8088 (http)
2020-03-09 18:22:19.080  INFO 39845 --- [           main] o.apache.catalina.core.StandardService   : Starting service [Tomcat]
2020-03-09 18:22:19.080  INFO 39845 --- [           main] org.apache.catalina.core.StandardEngine  : Starting Servlet engine: [Apache Tomcat/9.0.31]
2020-03-09 18:22:19.202  INFO 39845 --- [           main] o.a.c.c.C.[Tomcat].[localhost].[/]       : Initializing Spring embedded WebApplicationContext
2020-03-09 18:22:19.203  INFO 39845 --- [           main] o.s.web.context.ContextLoader            : Root WebApplicationContext: initialization completed in 2098 ms
2020-03-09 18:22:19.319  WARN 39845 --- [           main] c.n.c.sources.URLConfigurationSource     : No URLs will be polled as dynamic configuration sources.
2020-03-09 18:22:19.319  INFO 39845 --- [           main] c.n.c.sources.URLConfigurationSource     : To enable URLs as dynamic configuration sources, define System property archaius.configurationSource.additionalUrls or make config.properties available on classpath.
2020-03-09 18:22:19.337  INFO 39845 --- [           main] c.netflix.config.DynamicPropertyFactory  : DynamicPropertyFactory is initialized with configuration sources: com.netflix.config.ConcurrentCompositeConfiguration@6c130c45
2020-03-09 18:22:19.868  WARN 39845 --- [           main] c.n.c.sources.URLConfigurationSource     : No URLs will be polled as dynamic configuration sources.
2020-03-09 18:22:19.868  INFO 39845 --- [           main] c.n.c.sources.URLConfigurationSource     : To enable URLs as dynamic configuration sources, define System property archaius.configurationSource.additionalUrls or make config.properties available on classpath.
2020-03-09 18:22:20.207  INFO 39845 --- [           main] o.s.s.concurrent.ThreadPoolTaskExecutor  : Initializing ExecutorService 'applicationTaskExecutor'
2020-03-09 18:22:20.655  WARN 39845 --- [           main] iguration$LoadBalancerCaffeineWarnLogger : Spring Cloud LoadBalancer is currently working with default default cache. You can switch to using Caffeine cache, by adding it to the classpath.
2020-03-09 18:22:20.673  INFO 39845 --- [           main] o.s.b.a.e.web.EndpointLinksResolver      : Exposing 17 endpoint(s) beneath base path '/actuator'
2020-03-09 18:22:20.718  INFO 39845 --- [           main] o.s.c.n.eureka.InstanceInfoFactory       : Setting initial instance status as: STARTING
2020-03-09 18:22:20.812  INFO 39845 --- [           main] com.netflix.discovery.DiscoveryClient    : Initializing Eureka in region us-east-1
2020-03-09 18:22:21.109  INFO 39845 --- [           main] c.n.d.provider.DiscoveryJerseyProvider   : Using JSON encoding codec LegacyJacksonJson
2020-03-09 18:22:21.109  INFO 39845 --- [           main] c.n.d.provider.DiscoveryJerseyProvider   : Using JSON decoding codec LegacyJacksonJson
2020-03-09 18:22:21.318  INFO 39845 --- [           main] c.n.d.provider.DiscoveryJerseyProvider   : Using XML encoding codec XStreamXml
2020-03-09 18:22:21.318  INFO 39845 --- [           main] c.n.d.provider.DiscoveryJerseyProvider   : Using XML decoding codec XStreamXml
2020-03-09 18:22:21.543  INFO 39845 --- [           main] c.n.d.s.r.aws.ConfigClusterResolver      : Resolving eureka endpoints via configuration
2020-03-09 18:22:21.569  INFO 39845 --- [           main] com.netflix.discovery.DiscoveryClient    : Disable delta property : false
2020-03-09 18:22:21.569  INFO 39845 --- [           main] com.netflix.discovery.DiscoveryClient    : Single vip registry refresh property : null
2020-03-09 18:22:21.569  INFO 39845 --- [           main] com.netflix.discovery.DiscoveryClient    : Force full registry fetch : false
2020-03-09 18:22:21.569  INFO 39845 --- [           main] com.netflix.discovery.DiscoveryClient    : Application is null : false
2020-03-09 18:22:21.569  INFO 39845 --- [           main] com.netflix.discovery.DiscoveryClient    : Registered Applications size is zero : true
2020-03-09 18:22:21.569  INFO 39845 --- [           main] com.netflix.discovery.DiscoveryClient    : Application version is -1: true
2020-03-09 18:22:21.569  INFO 39845 --- [           main] com.netflix.discovery.DiscoveryClient    : Getting all instance registry info from the eureka server
2020-03-09 18:22:21.863  INFO 39845 --- [           main] com.netflix.discovery.DiscoveryClient    : The response status is 200
2020-03-09 18:22:21.867  INFO 39845 --- [           main] com.netflix.discovery.DiscoveryClient    : Starting heartbeat executor: renew interval is: 30
2020-03-09 18:22:21.871  INFO 39845 --- [           main] c.n.discovery.InstanceInfoReplicator     : InstanceInfoReplicator onDemand update allowed rate per min is 4
2020-03-09 18:22:21.875  INFO 39845 --- [           main] com.netflix.discovery.DiscoveryClient    : Discovery Client initialized at timestamp 1583749341873 with initial instances count: 1
2020-03-09 18:22:21.877  INFO 39845 --- [           main] o.s.c.n.e.s.EurekaServiceRegistry        : Registering application SPRING-CLOUD-SERVER with eureka with status UP
2020-03-09 18:22:21.877  INFO 39845 --- [           main] com.netflix.discovery.DiscoveryClient    : Saw local status change event StatusChangeEvent [timestamp=1583749341877, current=UP, previous=STARTING]
2020-03-09 18:22:21.879  INFO 39845 --- [nfoReplicator-0] com.netflix.discovery.DiscoveryClient    : DiscoveryClient_SPRING-CLOUD-SERVER/spring-cloud-server:8080: registering service...
2020-03-09 18:22:21.948  INFO 39845 --- [nfoReplicator-0] com.netflix.discovery.DiscoveryClient    : DiscoveryClient_SPRING-CLOUD-SERVER/spring-cloud-server:8080 - registration status: 204
2020-03-09 18:22:21.969  INFO 39845 --- [           main] o.s.b.w.embedded.tomcat.TomcatWebServer  : Tomcat started on port(s): 8088 (http) with context path ''
2020-03-09 18:22:21.970  INFO 39845 --- [           main] .s.c.n.e.s.EurekaAutoServiceRegistration : Updating port to 8088
2020-03-09 18:22:21.977  INFO 39845 --- [           main] org.yl.server.ServerApplication          : Started ServerApplication in 6.894 seconds (JVM running for 7.563)
2020-03-09 18:22:41.530  INFO 39845 --- [nio-8088-exec-1] o.a.c.c.C.[Tomcat].[localhost].[/]       : Initializing Spring DispatcherServlet 'dispatcherServlet'
2020-03-09 18:22:41.530  INFO 39845 --- [nio-8088-exec-1] o.s.web.servlet.DispatcherServlet        : Initializing Servlet 'dispatcherServlet'
2020-03-09 18:22:41.542  INFO 39845 --- [nio-8088-exec-1] o.s.web.servlet.DispatcherServlet        : Completed initialization in 12 ms
2020-03-09 18:23:20.545  WARN 39845 --- [nio-8088-exec-7] .w.s.m.s.DefaultHandlerExceptionResolver : Resolved [org.springframework.web.bind.MissingRequestHeaderException: Missing request header 'name' for method parameter of type String]
2020-03-09 18:23:26.139  WARN 39845 --- [nio-8088-exec-9] .w.s.m.s.DefaultHandlerExceptionResolver : Resolved [org.springframework.web.HttpRequestMethodNotSupportedException: Request method 'GET' not supported]
2020-03-09 18:24:12.928  WARN 39845 --- [nio-8088-exec-6] .w.s.m.s.DefaultHandlerExceptionResolver : Resolved [org.springframework.web.HttpRequestMethodNotSupportedException: Request method 'POST' not supported]
2020-03-09 18:24:55.951  WARN 39845 --- [nio-8088-exec-9] .w.s.m.s.DefaultHandlerExceptionResolver : Resolved [org.springframework.web.HttpRequestMethodNotSupportedException: Request method 'GET' not supported]
2020-03-09 18:25:25.285  WARN 39845 --- [io-8088-exec-10] .w.s.m.s.DefaultHandlerExceptionResolver : Resolved [org.springframework.web.HttpRequestMethodNotSupportedException: Request method 'GET' not supported]
2020-03-09 18:25:56.910  WARN 39845 --- [nio-8088-exec-2] .w.s.m.s.DefaultHandlerExceptionResolver : Resolved [org.springframework.web.HttpRequestMethodNotSupportedException: Request method 'GET' not supported]
2020-03-09 18:26:27.509  WARN 39845 --- [nio-8088-exec-3] .w.s.m.s.DefaultHandlerExceptionResolver : Resolved [org.springframework.web.HttpRequestMethodNotSupportedException: Request method 'GET' not supported]
2020-03-09 18:27:21.572  INFO 39845 --- [trap-executor-0] c.n.d.s.r.aws.ConfigClusterResolver      : Resolving eureka endpoints via configuration
2020-03-09 18:27:47.303  WARN 39845 --- [nio-8088-exec-6] .w.s.m.s.DefaultHandlerExceptionResolver : Resolved [org.springframework.web.HttpRequestMethodNotSupportedException: Request method 'GET' not supported]
2020-03-09 18:28:14.306  WARN 39845 --- [nio-8088-exec-7] .w.s.m.s.DefaultHandlerExceptionResolver : Resolved [org.springframework.web.HttpMediaTypeNotSupportedException: Content type 'application/x-www-form-urlencoded;charset=UTF-8' not supported]
2020-03-09 18:28:45.717  WARN 39845 --- [nio-8088-exec-8] .w.s.m.s.DefaultHandlerExceptionResolver : Resolved [org.springframework.web.HttpMediaTypeNotSupportedException: Content type 'application/js;charset=UTF-8' not supported]
2020-03-09 18:28:53.621  WARN 39845 --- [nio-8088-exec-9] .w.s.m.s.DefaultHandlerExceptionResolver : Resolved [org.springframework.http.converter.HttpMessageNotReadableException: Required request body is missing: public java.lang.String org.yl.server.controller.HelloController.hello3(vo.User) throws java.lang.Exception]
2020-03-09 18:29:21.793  WARN 39845 --- [nio-8088-exec-1] .w.s.m.s.DefaultHandlerExceptionResolver : Resolved [org.springframework.web.HttpMediaTypeNotSupportedException: Content type 'application/x-www-form-urlencoded;charset=UTF-8' not supported]
2020-03-09 18:30:42.119  WARN 39845 --- [nio-8088-exec-4] .w.s.m.s.DefaultHandlerExceptionResolver : Resolved [org.springframework.web.HttpMediaTypeNotSupportedException: Content type 'application/x-www-form-urlencoded;charset=UTF-8' not supported]
2020-03-09 18:32:21.574  INFO 39845 --- [trap-executor-0] c.n.d.s.r.aws.ConfigClusterResolver      : Resolving eureka endpoints via configuration
